<?xml version="1.0" encoding="UTF-8"?>
<!-- Generated by org.testng.reporters.JUnitReportReporter -->
<testsuite skipped="0" hostname="DESKTOP-VHE9KR6" name="com.qa.test.DemoTest" tests="4" failures="0" timestamp="27 Apr 2019 17:37:56 GMT" time="0.039" errors="0">
  <testcase name="sum" time="0.004" classname="com.qa.test.DemoTest"/>
  <testcase name="mul" time="0.004" classname="com.qa.test.DemoTest"/>
  <testcase name="sub" time="0.004" classname="com.qa.test.DemoTest"/>
  <testcase name="div" time="0.027" classname="com.qa.test.DemoTest"/>
</testsuite> <!-- com.qa.test.DemoTest -->
