<?xml version="1.0" encoding="UTF-8"?>
<!-- Generated by org.testng.reporters.JUnitReportReporter -->
<testsuite skipped="0" hostname="DESKTOP-VHE9KR6" name="com.qa.test.DemoTest2" tests="4" failures="0" timestamp="27 Apr 2019 19:55:46 GMT" time="0.000" errors="0">
  <testcase name="div" time="0.000" classname="com.qa.test.DemoTest2"/>
  <testcase name="sum" time="0.000" classname="com.qa.test.DemoTest2"/>
  <testcase name="mul" time="0.000" classname="com.qa.test.DemoTest2"/>
  <testcase name="sub" time="0.000" classname="com.qa.test.DemoTest2"/>
</testsuite> <!-- com.qa.test.DemoTest2 -->
